INFO 2018-03-19 09:29:34,039 - Connecting to ::1:5672
WARNING 2018-03-19 09:29:34,039 - Connection to ::1:5672 failed: [Errno 61] Connection refused
INFO 2018-03-19 09:29:34,040 - Connecting to 127.0.0.1:5672
INFO 2018-03-19 09:29:34,044 - Created channel=1
INFO 2018-03-19 09:29:42,388 - 230 Login successful. Username & password correct; FTP unlocked.
INFO 2018-03-19 09:29:44,341 - 226 Transfer complete (971 KB)
INFO 2018-03-19 09:29:44,625 - 230 Login successful. Username & password correct; FTP unlocked.
INFO 2018-03-19 09:29:45,593 - 226 Transfer complete (971 KB)
INFO 2018-03-19 09:29:58,549 - 230 Login successful. Username & password correct; FTP unlocked.
INFO 2018-03-19 09:29:59,866 - 226 Transfer complete (971 KB)
INFO 2018-03-19 09:30:18,746 - 230 Login successful. Username & password correct; FTP unlocked.
INFO 2018-03-19 09:30:20,944 - 226 Transfer complete (971 KB)
INFO 2018-03-19 09:30:40,619 - 230 Login successful. Username & password correct; FTP unlocked.
INFO 2018-03-19 09:30:41,640 - 226 Transfer complete (971 KB)
INFO 2018-03-19 09:30:46,913 - 230 Login successful. Username & password correct; FTP unlocked.
INFO 2018-03-19 09:30:47,935 - 226 Transfer complete (971 KB)
INFO 2018-03-19 09:30:58,543 - 230 Login successful. Username & password correct; FTP unlocked.
INFO 2018-03-19 09:30:59,524 - 226 Transfer complete (971 KB)
INFO 2018-03-19 09:31:08,112 - 230 Login successful. Username & password correct; FTP unlocked.
INFO 2018-03-19 09:31:09,072 - 226 Transfer complete (971 KB)
INFO 2018-03-19 09:31:11,006 - 230 Login successful. Username & password correct; FTP unlocked.
INFO 2018-03-19 09:31:13,144 - 226 Transfer complete (971 KB)
INFO 2018-03-19 09:31:18,184 - 230 Login successful. Username & password correct; FTP unlocked.
INFO 2018-03-19 09:31:20,174 - 226 Transfer complete (971 KB)
INFO 2018-03-19 09:31:22,977 - 230 Login successful. Username & password correct; FTP unlocked.
INFO 2018-03-19 09:31:25,585 - 226 Transfer complete (971 KB)
INFO 2018-03-19 09:31:30,452 - 230 Login successful. Username & password correct; FTP unlocked.
INFO 2018-03-19 09:31:31,940 - 226 Transfer complete (971 KB)
INFO 2018-03-19 09:31:38,615 - 230 Login successful. Username & password correct; FTP unlocked.
INFO 2018-03-19 09:31:39,942 - 226 Transfer complete (971 KB)
INFO 2018-03-19 09:31:52,154 - 230 Login successful. Username & password correct; FTP unlocked.
INFO 2018-03-19 09:31:54,026 - 226 Transfer complete (971 KB)
INFO 2018-03-19 09:31:54,993 - 230 Login successful. Username & password correct; FTP unlocked.
INFO 2018-03-19 09:31:55,983 - 226 Transfer complete (971 KB)
INFO 2018-03-19 09:31:56,279 - 230 Login successful. Username & password correct; FTP unlocked.
INFO 2018-03-19 09:31:57,213 - 226 Transfer complete (971 KB)
INFO 2018-03-19 09:32:10,646 - 230 Login successful. Username & password correct; FTP unlocked.
INFO 2018-03-19 09:32:12,283 - 226 Transfer complete (971 KB)
INFO 2018-03-19 09:32:14,251 - 230 Login successful. Username & password correct; FTP unlocked.
INFO 2018-03-19 09:32:15,209 - 226 Transfer complete (971 KB)
INFO 2018-03-19 09:32:26,817 - 230 Login successful. Username & password correct; FTP unlocked.
INFO 2018-03-19 09:32:27,800 - 226 Transfer complete (971 KB)
INFO 2018-03-19 09:32:28,682 - 230 Login successful. Username & password correct; FTP unlocked.
INFO 2018-03-19 09:32:29,624 - 226 Transfer complete (971 KB)
INFO 2018-03-19 09:32:34,769 - 230 Login successful. Username & password correct; FTP unlocked.
INFO 2018-03-19 09:32:35,733 - 226 Transfer complete (971 KB)
INFO 2018-03-19 09:32:54,550 - 230 Login successful. Username & password correct; FTP unlocked.
INFO 2018-03-19 09:32:55,484 - 226 Transfer complete (971 KB)
INFO 2018-03-19 09:33:04,962 - 230 Login successful. Username & password correct; FTP unlocked.
INFO 2018-03-19 09:33:05,905 - 226 Transfer complete (971 KB)
INFO 2018-03-19 09:33:06,298 - 230 Login successful. Username & password correct; FTP unlocked.
INFO 2018-03-19 09:33:07,237 - 226 Transfer complete (971 KB)
INFO 2018-03-19 09:33:18,414 - 230 Login successful. Username & password correct; FTP unlocked.
INFO 2018-03-19 09:33:20,233 - 226 Transfer complete (971 KB)
INFO 2018-03-19 09:33:55,006 - 230 Login successful. Username & password correct; FTP unlocked.
INFO 2018-03-19 09:33:55,976 - 226 Transfer complete (971 KB)
INFO 2018-03-19 09:34:04,568 - 230 Login successful. Username & password correct; FTP unlocked.
INFO 2018-03-19 09:34:06,592 - 226 Transfer complete (971 KB)
INFO 2018-03-19 09:34:06,734 - 230 Login successful. Username & password correct; FTP unlocked.
INFO 2018-03-19 09:34:07,662 - 226 Transfer complete (971 KB)
INFO 2018-03-19 09:34:08,230 - 230 Login successful. Username & password correct; FTP unlocked.
INFO 2018-03-19 09:34:09,158 - 226 Transfer complete (971 KB)
INFO 2018-03-19 09:34:10,387 - 230 Login successful. Username & password correct; FTP unlocked.
INFO 2018-03-19 09:34:11,295 - 226 Transfer complete (971 KB)
INFO 2018-03-19 09:34:31,114 - 230 Login successful. Username & password correct; FTP unlocked.
INFO 2018-03-19 09:34:32,162 - 226 Transfer complete (971 KB)
INFO 2018-03-19 09:34:32,474 - 230 Login successful. Username & password correct; FTP unlocked.
INFO 2018-03-19 09:34:33,465 - 226 Transfer complete (971 KB)
INFO 2018-03-19 09:34:44,407 - 230 Login successful. Username & password correct; FTP unlocked.
INFO 2018-03-19 09:34:46,669 - 226 Transfer complete (971 KB)
INFO 2018-03-19 09:34:46,877 - 230 Login successful. Username & password correct; FTP unlocked.
INFO 2018-03-19 09:34:47,808 - 226 Transfer complete (971 KB)
INFO 2018-03-19 09:34:52,249 - 230 Login successful. Username & password correct; FTP unlocked.
INFO 2018-03-19 09:34:53,171 - 226 Transfer complete (971 KB)
INFO 2018-03-19 09:34:56,540 - 230 Login successful. Username & password correct; FTP unlocked.
INFO 2018-03-19 09:34:57,554 - 226 Transfer complete (971 KB)
INFO 2018-03-19 09:34:58,548 - 230 Login successful. Username & password correct; FTP unlocked.
INFO 2018-03-19 09:34:59,539 - 226 Transfer complete (971 KB)
INFO 2018-03-19 09:35:00,260 - 230 Login successful. Username & password correct; FTP unlocked.
INFO 2018-03-19 09:35:01,590 - 226 Transfer complete (971 KB)
INFO 2018-03-19 09:35:04,761 - 230 Login successful. Username & password correct; FTP unlocked.
INFO 2018-03-19 09:35:05,696 - 226 Transfer complete (971 KB)
INFO 2018-03-19 09:35:10,745 - 230 Login successful. Username & password correct; FTP unlocked.
INFO 2018-03-19 09:35:12,284 - 226 Transfer complete (971 KB)
INFO 2018-03-19 09:35:12,565 - 230 Login successful. Username & password correct; FTP unlocked.
INFO 2018-03-19 09:35:13,537 - 226 Transfer complete (971 KB)
INFO 2018-03-19 09:35:22,323 - 230 Login successful. Username & password correct; FTP unlocked.
INFO 2018-03-19 09:35:23,908 - 226 Transfer complete (971 KB)
INFO 2018-03-19 09:35:26,392 - 230 Login successful. Username & password correct; FTP unlocked.
INFO 2018-03-19 09:35:28,495 - 226 Transfer complete (971 KB)
INFO 2018-03-19 09:35:32,658 - 230 Login successful. Username & password correct; FTP unlocked.
INFO 2018-03-19 09:35:34,691 - 226 Transfer complete (971 KB)
INFO 2018-03-19 09:35:38,829 - 230 Login successful. Username & password correct; FTP unlocked.
INFO 2018-03-19 09:35:40,756 - 226 Transfer complete (971 KB)
INFO 2018-03-19 09:35:47,054 - 230 Login successful. Username & password correct; FTP unlocked.
INFO 2018-03-19 09:35:48,063 - 226 Transfer complete (971 KB)
INFO 2018-03-19 09:35:48,347 - 230 Login successful. Username & password correct; FTP unlocked.
INFO 2018-03-19 09:35:49,283 - 226 Transfer complete (971 KB)
INFO 2018-03-19 09:35:56,518 - 230 Login successful. Username & password correct; FTP unlocked.
INFO 2018-03-19 09:35:58,154 - 226 Transfer complete (971 KB)
INFO 2018-03-19 09:35:58,443 - 230 Login successful. Username & password correct; FTP unlocked.
INFO 2018-03-19 09:35:59,373 - 226 Transfer complete (971 KB)
INFO 2018-03-19 09:36:29,016 - 230 Login successful. Username & password correct; FTP unlocked.
INFO 2018-03-19 09:36:30,237 - 226 Transfer complete (971 KB)
INFO 2018-03-19 09:36:34,613 - 230 Login successful. Username & password correct; FTP unlocked.
INFO 2018-03-19 09:36:35,672 - 226 Transfer complete (971 KB)
INFO 2018-03-19 09:36:40,235 - 230 Login successful. Username & password correct; FTP unlocked.
INFO 2018-03-19 09:36:41,460 - 226 Transfer complete (971 KB)
INFO 2018-03-19 09:36:44,874 - 230 Login successful. Username & password correct; FTP unlocked.
INFO 2018-03-19 09:36:47,000 - 226 Transfer complete (971 KB)
INFO 2018-03-19 09:36:50,994 - 230 Login successful. Username & password correct; FTP unlocked.
INFO 2018-03-19 09:36:53,282 - 226 Transfer complete (971 KB)
INFO 2018-03-19 09:36:58,958 - 230 Login successful. Username & password correct; FTP unlocked.
INFO 2018-03-19 09:37:01,187 - 226 Transfer complete (971 KB)
INFO 2018-03-19 09:37:02,982 - 230 Login successful. Username & password correct; FTP unlocked.
INFO 2018-03-19 09:37:03,932 - 226 Transfer complete (971 KB)
INFO 2018-03-19 09:37:04,242 - 230 Login successful. Username & password correct; FTP unlocked.
INFO 2018-03-19 09:37:05,269 - 226 Transfer complete (971 KB)
INFO 2018-03-19 09:37:06,586 - 230 Login successful. Username & password correct; FTP unlocked.
INFO 2018-03-19 09:37:07,521 - 226 Transfer complete (971 KB)
INFO 2018-03-19 09:37:24,870 - 230 Login successful. Username & password correct; FTP unlocked.
INFO 2018-03-19 09:37:25,815 - 226 Transfer complete (971 KB)
INFO 2018-03-19 09:37:28,482 - 230 Login successful. Username & password correct; FTP unlocked.
INFO 2018-03-19 09:37:30,233 - 226 Transfer complete (971 KB)
INFO 2018-03-19 09:37:36,456 - 230 Login successful. Username & password correct; FTP unlocked.
INFO 2018-03-19 09:37:37,400 - 226 Transfer complete (971 KB)
INFO 2018-03-19 09:37:51,122 - 230 Login successful. Username & password correct; FTP unlocked.
INFO 2018-03-19 09:37:52,093 - 226 Transfer complete (971 KB)
INFO 2018-03-19 09:37:52,371 - 230 Login successful. Username & password correct; FTP unlocked.
INFO 2018-03-19 09:37:53,328 - 226 Transfer complete (971 KB)
INFO 2018-03-19 09:38:02,346 - 230 Login successful. Username & password correct; FTP unlocked.
INFO 2018-03-19 09:38:04,850 - 226 Transfer complete (971 KB)
INFO 2018-03-19 09:38:15,259 - 230 Login successful. Username & password correct; FTP unlocked.
INFO 2018-03-19 09:38:17,353 - 226 Transfer complete (971 KB)
INFO 2018-03-19 09:38:18,962 - 230 Login successful. Username & password correct; FTP unlocked.
INFO 2018-03-19 09:38:20,011 - 226 Transfer complete (971 KB)
INFO 2018-03-19 09:38:20,356 - 230 Login successful. Username & password correct; FTP unlocked.
INFO 2018-03-19 09:38:21,401 - 226 Transfer complete (971 KB)
INFO 2018-03-19 09:38:32,236 - 230 Login successful. Username & password correct; FTP unlocked.
INFO 2018-03-19 09:38:34,837 - 226 Transfer complete (971 KB)
INFO 2018-03-19 09:38:38,780 - 230 Login successful. Username & password correct; FTP unlocked.
INFO 2018-03-19 09:38:40,603 - 226 Transfer complete (971 KB)
INFO 2018-03-19 09:38:40,771 - 230 Login successful. Username & password correct; FTP unlocked.
INFO 2018-03-19 09:38:41,730 - 226 Transfer complete (971 KB)
INFO 2018-03-19 09:38:50,289 - 230 Login successful. Username & password correct; FTP unlocked.
INFO 2018-03-19 09:38:52,871 - 226 Transfer complete (971 KB)
INFO 2018-03-19 09:38:53,155 - 230 Login successful. Username & password correct; FTP unlocked.
INFO 2018-03-19 09:38:54,633 - 226 Transfer complete (971 KB)
INFO 2018-03-19 09:38:54,799 - 230 Login successful. Username & password correct; FTP unlocked.
INFO 2018-03-19 09:38:55,779 - 226 Transfer complete (971 KB)
INFO 2018-03-19 09:39:07,187 - 230 Login successful. Username & password correct; FTP unlocked.
INFO 2018-03-19 09:39:08,201 - 226 Transfer complete (971 KB)
INFO 2018-03-19 09:39:08,447 - 230 Login successful. Username & password correct; FTP unlocked.
INFO 2018-03-19 09:39:09,378 - 226 Transfer complete (971 KB)
INFO 2018-03-19 09:39:10,734 - 230 Login successful. Username & password correct; FTP unlocked.
INFO 2018-03-19 09:39:12,483 - 226 Transfer complete (971 KB)
INFO 2018-03-19 09:39:18,858 - 230 Login successful. Username & password correct; FTP unlocked.
INFO 2018-03-19 09:39:20,034 - 226 Transfer complete (971 KB)
INFO 2018-03-19 09:39:26,482 - 230 Login successful. Username & password correct; FTP unlocked.
INFO 2018-03-19 09:39:27,668 - 226 Transfer complete (971 KB)
INFO 2018-03-19 09:39:36,365 - 230 Login successful. Username & password correct; FTP unlocked.
INFO 2018-03-19 09:39:38,043 - 226 Transfer complete (971 KB)
INFO 2018-03-19 09:39:52,138 - 230 Login successful. Username & password correct; FTP unlocked.
INFO 2018-03-19 09:39:53,971 - 226 Transfer complete (971 KB)
INFO 2018-03-19 09:39:56,713 - 230 Login successful. Username & password correct; FTP unlocked.
INFO 2018-03-19 09:39:58,328 - 226 Transfer complete (971 KB)
INFO 2018-03-19 09:39:58,588 - 230 Login successful. Username & password correct; FTP unlocked.
INFO 2018-03-19 09:39:59,517 - 226 Transfer complete (971 KB)
INFO 2018-03-19 09:40:10,355 - 230 Login successful. Username & password correct; FTP unlocked.
INFO 2018-03-19 09:40:11,284 - 226 Transfer complete (971 KB)
INFO 2018-03-19 09:40:16,380 - 230 Login successful. Username & password correct; FTP unlocked.
INFO 2018-03-19 09:40:17,370 - 226 Transfer complete (971 KB)
INFO 2018-03-19 09:40:28,645 - 230 Login successful. Username & password correct; FTP unlocked.
INFO 2018-03-19 09:40:29,760 - 226 Transfer complete (971 KB)
INFO 2018-03-19 09:40:34,771 - 230 Login successful. Username & password correct; FTP unlocked.
INFO 2018-03-19 09:40:35,720 - 226 Transfer complete (971 KB)
INFO 2018-03-19 09:40:59,218 - 230 Login successful. Username & password correct; FTP unlocked.
INFO 2018-03-19 09:41:01,684 - 226 Transfer complete (971 KB)
INFO 2018-03-19 09:41:30,847 - 230 Login successful. Username & password correct; FTP unlocked.
INFO 2018-03-19 09:41:31,773 - 226 Transfer complete (971 KB)
INFO 2018-03-19 09:41:36,521 - 230 Login successful. Username & password correct; FTP unlocked.
INFO 2018-03-19 09:41:37,544 - 226 Transfer complete (971 KB)
INFO 2018-03-19 09:41:45,464 - 230 Login successful. Username & password correct; FTP unlocked.
INFO 2018-03-19 09:41:47,537 - 226 Transfer complete (971 KB)
INFO 2018-03-19 09:41:50,654 - 230 Login successful. Username & password correct; FTP unlocked.
INFO 2018-03-19 09:41:52,501 - 226 Transfer complete (971 KB)
INFO 2018-03-19 09:41:52,639 - 230 Login successful. Username & password correct; FTP unlocked.
INFO 2018-03-19 09:41:53,606 - 226 Transfer complete (971 KB)
INFO 2018-03-19 09:41:56,964 - 230 Login successful. Username & password correct; FTP unlocked.
INFO 2018-03-19 09:41:58,681 - 226 Transfer complete (971 KB)
INFO 2018-03-19 09:42:00,394 - 230 Login successful. Username & password correct; FTP unlocked.
INFO 2018-03-19 09:42:01,435 - 226 Transfer complete (971 KB)
INFO 2018-03-19 09:42:02,273 - 230 Login successful. Username & password correct; FTP unlocked.
INFO 2018-03-19 09:42:03,355 - 226 Transfer complete (971 KB)
INFO 2018-03-19 09:42:06,450 - 230 Login successful. Username & password correct; FTP unlocked.
INFO 2018-03-19 09:42:08,330 - 226 Transfer complete (971 KB)
INFO 2018-03-19 09:42:08,532 - 230 Login successful. Username & password correct; FTP unlocked.
INFO 2018-03-19 09:42:09,451 - 226 Transfer complete (971 KB)
INFO 2018-03-19 09:42:24,682 - 230 Login successful. Username & password correct; FTP unlocked.
INFO 2018-03-19 09:42:27,072 - 226 Transfer complete (971 KB)
INFO 2018-03-19 09:42:40,546 - 230 Login successful. Username & password correct; FTP unlocked.
INFO 2018-03-19 09:42:41,457 - 226 Transfer complete (971 KB)
INFO 2018-03-19 09:42:44,442 - 230 Login successful. Username & password correct; FTP unlocked.
INFO 2018-03-19 09:42:45,409 - 226 Transfer complete (971 KB)
INFO 2018-03-19 09:42:46,338 - 230 Login successful. Username & password correct; FTP unlocked.
INFO 2018-03-19 09:42:47,272 - 226 Transfer complete (971 KB)
INFO 2018-03-19 09:42:54,640 - 230 Login successful. Username & password correct; FTP unlocked.
INFO 2018-03-19 09:42:56,435 - 226 Transfer complete (971 KB)
INFO 2018-03-19 09:43:10,288 - 230 Login successful. Username & password correct; FTP unlocked.
INFO 2018-03-19 09:43:11,627 - 226 Transfer complete (971 KB)
INFO 2018-03-19 09:43:56,897 - 230 Login successful. Username & password correct; FTP unlocked.
INFO 2018-03-19 09:43:58,983 - 226 Transfer complete (971 KB)
INFO 2018-03-19 09:44:22,860 - 230 Login successful. Username & password correct; FTP unlocked.
INFO 2018-03-19 09:44:23,774 - 226 Transfer complete (971 KB)
INFO 2018-03-19 09:44:24,154 - 230 Login successful. Username & password correct; FTP unlocked.
INFO 2018-03-19 09:44:25,164 - 226 Transfer complete (971 KB)
INFO 2018-03-19 09:44:46,296 - 230 Login successful. Username & password correct; FTP unlocked.
INFO 2018-03-19 09:44:47,778 - 226 Transfer complete (971 KB)
INFO 2018-03-19 09:45:06,296 - 230 Login successful. Username & password correct; FTP unlocked.
INFO 2018-03-19 09:45:08,136 - 226 Transfer complete (971 KB)
INFO 2018-03-19 09:45:26,768 - 230 Login successful. Username & password correct; FTP unlocked.
INFO 2018-03-19 09:45:28,967 - 226 Transfer complete (971 KB)
INFO 2018-03-19 09:45:30,236 - 230 Login successful. Username & password correct; FTP unlocked.
INFO 2018-03-19 09:45:31,514 - 226 Transfer complete (971 KB)
INFO 2018-03-19 09:45:32,223 - 230 Login successful. Username & password correct; FTP unlocked.
INFO 2018-03-19 09:45:33,367 - 226 Transfer complete (971 KB)
INFO 2018-03-19 09:46:00,949 - 230 Login successful. Username & password correct; FTP unlocked.
INFO 2018-03-19 09:46:01,974 - 226 Transfer complete (971 KB)
INFO 2018-03-19 09:46:06,905 - 230 Login successful. Username & password correct; FTP unlocked.
INFO 2018-03-19 09:46:08,169 - 226 Transfer complete (971 KB)
INFO 2018-03-19 09:46:10,989 - 230 Login successful. Username & password correct; FTP unlocked.
INFO 2018-03-19 09:46:13,304 - 226 Transfer complete (971 KB)
INFO 2018-03-19 09:46:14,212 - 230 Login successful. Username & password correct; FTP unlocked.
INFO 2018-03-19 09:46:15,159 - 226 Transfer complete (971 KB)
INFO 2018-03-19 09:46:21,193 - 230 Login successful. Username & password correct; FTP unlocked.
INFO 2018-03-19 09:46:23,316 - 226 Transfer complete (971 KB)
INFO 2018-03-19 09:46:24,865 - 230 Login successful. Username & password correct; FTP unlocked.
INFO 2018-03-19 09:46:26,184 - 226 Transfer complete (971 KB)
INFO 2018-03-19 09:46:26,477 - 230 Login successful. Username & password correct; FTP unlocked.
INFO 2018-03-19 09:46:27,692 - 226 Transfer complete (971 KB)
